c:\users\stan gerard palisoc\desktop\mage\framework\core\debug\core.pch
c:\users\stan gerard palisoc\desktop\mage\framework\core\debug\core.pdb
c:\users\stan gerard palisoc\desktop\mage\framework\core\debug\core.idb
c:\users\stan gerard palisoc\desktop\mage\framework\core\debug\precompiled.obj
c:\users\stan gerard palisoc\desktop\mage\framework\core\debug\windowmessagehandler.obj
c:\users\stan gerard palisoc\desktop\mage\framework\core\debug\window.obj
c:\users\stan gerard palisoc\desktop\mage\framework\core\debug\timeutil.obj
c:\users\stan gerard palisoc\desktop\mage\framework\core\debug\platformutil.obj
c:\users\stan gerard palisoc\desktop\mage\framework\core\debug\metatype.obj
c:\users\stan gerard palisoc\desktop\mage\framework\core\debug\metaregistry.obj
c:\users\stan gerard palisoc\desktop\mage\framework\core\debug\metaregistration.obj
c:\users\stan gerard palisoc\desktop\mage\framework\core\debug\metapointer.obj
c:\users\stan gerard palisoc\desktop\mage\framework\core\debug\metafield.obj
c:\users\stan gerard palisoc\desktop\mage\framework\core\debug\metaclass.obj
c:\users\stan gerard palisoc\desktop\mage\framework\core\debug\metaarray.obj
c:\users\stan gerard palisoc\desktop\mage\framework\core\debug\debugutil.obj
c:\users\stan gerard palisoc\desktop\mage\framework\core\debug\blockallocator.obj
c:\users\stan gerard palisoc\desktop\mage\debug\core.lib
c:\users\stan gerard palisoc\desktop\mage\debug\core.pdb
c:\users\stan gerard palisoc\desktop\mage\framework\core\debug\core.tlog\cl.command.1.tlog
c:\users\stan gerard palisoc\desktop\mage\framework\core\debug\core.tlog\cl.read.1.tlog
c:\users\stan gerard palisoc\desktop\mage\framework\core\debug\core.tlog\cl.write.1.tlog
c:\users\stan gerard palisoc\desktop\mage\framework\core\debug\core.tlog\lib-link.read.1.tlog
c:\users\stan gerard palisoc\desktop\mage\framework\core\debug\core.tlog\lib-link.write.1.tlog
c:\users\stan gerard palisoc\desktop\mage\framework\core\debug\core.tlog\lib.command.1.tlog
