c:\users\stan gerard palisoc\desktop\mage\engine\mageengine\debug\mageengine.pdb
c:\users\stan gerard palisoc\desktop\mage\engine\mageengine\debug\mageengine.idb
c:\users\stan gerard palisoc\desktop\mage\engine\mageengine\debug\terrain.obj
c:\users\stan gerard palisoc\desktop\mage\engine\mageengine\debug\mage.obj
c:\users\stan gerard palisoc\desktop\mage\engine\mageengine\debug\transformcomponent.obj
c:\users\stan gerard palisoc\desktop\mage\engine\mageengine\debug\service.obj
c:\users\stan gerard palisoc\desktop\mage\engine\mageengine\debug\precompiled.obj
c:\users\stan gerard palisoc\desktop\mage\engine\mageengine\debug\metaregistration.obj
c:\users\stan gerard palisoc\desktop\mage\engine\mageengine\debug\gameworld.obj
c:\users\stan gerard palisoc\desktop\mage\engine\mageengine\debug\gameobjectfactory.obj
c:\users\stan gerard palisoc\desktop\mage\engine\mageengine\debug\gameobject.obj
c:\users\stan gerard palisoc\desktop\mage\engine\mageengine\debug\component.obj
c:\users\stan gerard palisoc\desktop\mage\engine\mageengine\debug\collidercomponent.obj
c:\users\stan gerard palisoc\desktop\mage\engine\mageengine\debug\cameraservice.obj
c:\users\stan gerard palisoc\desktop\mage\engine\mageengine\debug\app.obj
c:\users\stan gerard palisoc\desktop\mage\engine\mageengine\debug\skydome.obj
c:\users\stan gerard palisoc\desktop\mage\debug\mageengine.lib
c:\users\stan gerard palisoc\desktop\mage\debug\mageengine.pdb
c:\users\stan gerard palisoc\desktop\mage\engine\mageengine\debug\mageengine.tlog\cl.command.1.tlog
c:\users\stan gerard palisoc\desktop\mage\engine\mageengine\debug\mageengine.tlog\cl.read.1.tlog
c:\users\stan gerard palisoc\desktop\mage\engine\mageengine\debug\mageengine.tlog\cl.write.1.tlog
c:\users\stan gerard palisoc\desktop\mage\engine\mageengine\debug\mageengine.tlog\lib-link.read.1.tlog
c:\users\stan gerard palisoc\desktop\mage\engine\mageengine\debug\mageengine.tlog\lib-link.write.1.tlog
c:\users\stan gerard palisoc\desktop\mage\engine\mageengine\debug\mageengine.tlog\lib.command.1.tlog
